<?xml version="1.0" ?>
<coverage branch-rate="0" branches-covered="0" branches-valid="0" complexity="0" line-rate="0.125" lines-covered="3" lines-valid="24" timestamp="1514948225777" version="4.4.2">
	<!-- Generated by coverage.py: https://coverage.readthedocs.io -->
	<!-- Based on https://raw.githubusercontent.com/cobertura/web/master/htdocs/xml/coverage-04.dtd -->
	<sources>
		<source>/home/jjunho/ownCloud/projetos/programacao/python/lunar_year</source>
	</sources>
	<packages>
		<package branch-rate="0" complexity="0" line-rate="0.125" name=".">
			<classes>
				<class branch-rate="0" complexity="0" filename="lunar.py" line-rate="0.125" name="lunar.py">
					<methods/>
					<lines>
						<line hits="1" number="3"/>
						<line hits="1" number="18"/>
						<line hits="0" number="23"/>
						<line hits="0" number="28"/>
						<line hits="0" number="29"/>
						<line hits="0" number="30"/>
						<line hits="0" number="32"/>
						<line hits="0" number="41"/>
						<line hits="0" number="43"/>
						<line hits="1" number="46"/>
						<line hits="0" number="109"/>
						<line hits="0" number="110"/>
						<line hits="0" number="111"/>
						<line hits="0" number="112"/>
						<line hits="0" number="113"/>
						<line hits="0" number="120"/>
						<line hits="0" number="121"/>
						<line hits="0" number="123"/>
						<line hits="0" number="125"/>
						<line hits="0" number="126"/>
						<line hits="0" number="127"/>
						<line hits="0" number="128"/>
						<line hits="0" number="129"/>
						<line hits="0" number="130"/>
					</lines>
				</class>
			</classes>
		</package>
	</packages>
</coverage>
